==81001== Memcheck, a memory error detector
==81001== Copyright (C) 2002-2017, and GNU GPL'd, by Julian Seward et al.
==81001== Using Valgrind-3.18.1 and LibVEX; rerun with -h for copyright info
==81001== Command: ./run
==81001== Parent PID: 74737
==81001== 
==81001== Invalid write of size 4
==81001==    at 0x10918B: case_invalid_rw (main.c:11)
==81001==    by 0x1091EE: main (main.c:26)
==81001==  Address 0x4a96050 is 0 bytes after a block of size 16 alloc'd
==81001==    at 0x4848899: malloc (in /usr/libexec/valgrind/vgpreload_memcheck-amd64-linux.so)
==81001==    by 0x10917E: case_invalid_rw (main.c:10)
==81001==    by 0x1091EE: main (main.c:26)
==81001== 
==81001== Invalid read of size 4
==81001==    at 0x109195: case_invalid_rw (main.c:12)
==81001==    by 0x1091EE: main (main.c:26)
==81001==  Address 0x4a96054 is 4 bytes after a block of size 16 alloc'd
==81001==    at 0x4848899: malloc (in /usr/libexec/valgrind/vgpreload_memcheck-amd64-linux.so)
==81001==    by 0x10917E: case_invalid_rw (main.c:10)
==81001==    by 0x1091EE: main (main.c:26)
==81001== 
==81001== Invalid write of size 4
==81001==    at 0x1091D4: case_use_after_free (main.c:20)
==81001==    by 0x1091F8: main (main.c:27)
==81001==  Address 0x4a96090 is 0 bytes inside a block of size 16 free'd
==81001==    at 0x484B27F: free (in /usr/libexec/valgrind/vgpreload_memcheck-amd64-linux.so)
==81001==    by 0x1091CF: case_use_after_free (main.c:19)
==81001==    by 0x1091F8: main (main.c:27)
==81001==  Block was alloc'd at
==81001==    at 0x4848899: malloc (in /usr/libexec/valgrind/vgpreload_memcheck-amd64-linux.so)
==81001==    by 0x1091BF: case_use_after_free (main.c:18)
==81001==    by 0x1091F8: main (main.c:27)
==81001== 
==81001== 
==81001== HEAP SUMMARY:
==81001==     in use at exit: 0 bytes in 0 blocks
==81001==   total heap usage: 2 allocs, 2 frees, 32 bytes allocated
==81001== 
==81001== All heap blocks were freed -- no leaks are possible
==81001== 
==81001== ERROR SUMMARY: 3 errors from 3 contexts (suppressed: 0 from 0)
==81001== 
==81001== 1 errors in context 1 of 3:
==81001== Invalid write of size 4
==81001==    at 0x1091D4: case_use_after_free (main.c:20)
==81001==    by 0x1091F8: main (main.c:27)
==81001==  Address 0x4a96090 is 0 bytes inside a block of size 16 free'd
==81001==    at 0x484B27F: free (in /usr/libexec/valgrind/vgpreload_memcheck-amd64-linux.so)
==81001==    by 0x1091CF: case_use_after_free (main.c:19)
==81001==    by 0x1091F8: main (main.c:27)
==81001==  Block was alloc'd at
==81001==    at 0x4848899: malloc (in /usr/libexec/valgrind/vgpreload_memcheck-amd64-linux.so)
==81001==    by 0x1091BF: case_use_after_free (main.c:18)
==81001==    by 0x1091F8: main (main.c:27)
==81001== 
==81001== 
==81001== 1 errors in context 2 of 3:
==81001== Invalid read of size 4
==81001==    at 0x109195: case_invalid_rw (main.c:12)
==81001==    by 0x1091EE: main (main.c:26)
==81001==  Address 0x4a96054 is 4 bytes after a block of size 16 alloc'd
==81001==    at 0x4848899: malloc (in /usr/libexec/valgrind/vgpreload_memcheck-amd64-linux.so)
==81001==    by 0x10917E: case_invalid_rw (main.c:10)
==81001==    by 0x1091EE: main (main.c:26)
==81001== 
==81001== 
==81001== 1 errors in context 3 of 3:
==81001== Invalid write of size 4
==81001==    at 0x10918B: case_invalid_rw (main.c:11)
==81001==    by 0x1091EE: main (main.c:26)
==81001==  Address 0x4a96050 is 0 bytes after a block of size 16 alloc'd
==81001==    at 0x4848899: malloc (in /usr/libexec/valgrind/vgpreload_memcheck-amd64-linux.so)
==81001==    by 0x10917E: case_invalid_rw (main.c:10)
==81001==    by 0x1091EE: main (main.c:26)
==81001== 
==81001== ERROR SUMMARY: 3 errors from 3 contexts (suppressed: 0 from 0)
