==81206== Memcheck, a memory error detector
==81206== Copyright (C) 2002-2017, and GNU GPL'd, by Julian Seward et al.
==81206== Using Valgrind-3.18.1 and LibVEX; rerun with -h for copyright info
==81206== Command: ./run
==81206== Parent PID: 74737
==81206== 
==81206== Mismatched free() / delete / delete []
==81206==    at 0x484BB6F: operator delete(void*, unsigned long) (in /usr/libexec/valgrind/vgpreload_memcheck-amd64-linux.so)
==81206==    by 0x1091D8: main (main.c:5)
==81206==  Address 0x4ddcc80 is 0 bytes inside a block of size 20 alloc'd
==81206==    at 0x484A2F3: operator new[](unsigned long) (in /usr/libexec/valgrind/vgpreload_memcheck-amd64-linux.so)
==81206==    by 0x1091BE: main (main.c:4)
==81206== 
==81206== 
==81206== HEAP SUMMARY:
==81206==     in use at exit: 0 bytes in 0 blocks
==81206==   total heap usage: 2 allocs, 2 frees, 72,724 bytes allocated
==81206== 
==81206== All heap blocks were freed -- no leaks are possible
==81206== 
==81206== ERROR SUMMARY: 1 errors from 1 contexts (suppressed: 0 from 0)
==81206== 
==81206== 1 errors in context 1 of 1:
==81206== Mismatched free() / delete / delete []
==81206==    at 0x484BB6F: operator delete(void*, unsigned long) (in /usr/libexec/valgrind/vgpreload_memcheck-amd64-linux.so)
==81206==    by 0x1091D8: main (main.c:5)
==81206==  Address 0x4ddcc80 is 0 bytes inside a block of size 20 alloc'd
==81206==    at 0x484A2F3: operator new[](unsigned long) (in /usr/libexec/valgrind/vgpreload_memcheck-amd64-linux.so)
==81206==    by 0x1091BE: main (main.c:4)
==81206== 
==81206== ERROR SUMMARY: 1 errors from 1 contexts (suppressed: 0 from 0)
